app/build/intermediates/manifest_merge_blame_file/debug/manifest-merger-blame-debug-report.txt
1<?xml version="1.0" encoding="utf-8"?>
2<manifest xmlns:android="http://schemas.android.com/apk/res/android"
3    package="com.tesistitulacion.noticiaslocales"
4    android:versionCode="1"
5    android:versionName="1.0" >
6
7    <uses-sdk
8        android:minSdkVersion="24"
9        android:targetSdkVersion="34" />
10
11    <uses-permission android:name="android.permission.INTERNET" />
11-->src\main\AndroidManifest.xml:5:5-67
11-->src\main\AndroidManifest.xml:5:22-64
12    <uses-permission android:name="android.permission.ACCESS_FINE_LOCATION" />
12-->src\main\AndroidManifest.xml:6:5-79
12-->src\main\AndroidManifest.xml:6:22-76
13    <uses-permission android:name="android.permission.ACCESS_COARSE_LOCATION" />
13-->src\main\AndroidManifest.xml:7:5-81
13-->src\main\AndroidManifest.xml:7:22-78
14    <uses-permission android:name="android.permission.CAMERA" />
14-->src\main\AndroidManifest.xml:8:5-65
14-->src\main\AndroidManifest.xml:8:22-62
15
16    <uses-feature
16-->src\main\AndroidManifest.xml:10:5-12:36
17        android:name="android.hardware.camera"
17-->src\main\AndroidManifest.xml:11:9-47
18        android:required="false" />
18-->src\main\AndroidManifest.xml:12:9-33
19
20    <uses-permission android:name="android.permission.WAKE_LOCK" />
20-->[androidx.work:work-runtime:2.8.1] AndroidManifest.xml:23:5-68
20-->[androidx.work:work-runtime:2.8.1] AndroidManifest.xml:23:22-65
21    <uses-permission android:name="android.permission.ACCESS_NETWORK_STATE" />
21-->[androidx.work:work-runtime:2.8.1] AndroidManifest.xml:24:5-79
21-->[androidx.work:work-runtime:2.8.1] AndroidManifest.xml:24:22-76
22    <uses-permission android:name="android.permission.RECEIVE_BOOT_COMPLETED" />
22-->[androidx.work:work-runtime:2.8.1] AndroidManifest.xml:25:5-81
22-->[androidx.work:work-runtime:2.8.1] AndroidManifest.xml:25:22-78
23    <uses-permission android:name="android.permission.FOREGROUND_SERVICE" />
23-->[androidx.work:work-runtime:2.8.1] AndroidManifest.xml:26:5-77
23-->[androidx.work:work-runtime:2.8.1] AndroidManifest.xml:26:22-74
24
25    <uses-feature
25-->[com.google.android.gms:play-services-maps:18.2.0] AndroidManifest.xml:26:5-28:35
26        android:glEsVersion="0x00020000"
26-->[com.google.android.gms:play-services-maps:18.2.0] AndroidManifest.xml:27:9-41
27        android:required="true" />
27-->[com.google.android.gms:play-services-maps:18.2.0] AndroidManifest.xml:28:9-32
28
29    <queries>
29-->[com.google.android.gms:play-services-maps:18.2.0] AndroidManifest.xml:30:5-34:15
30
31        <!-- Needs to be explicitly declared on Android R+ -->
32        <package android:name="com.google.android.apps.maps" />
32-->[com.google.android.gms:play-services-maps:18.2.0] AndroidManifest.xml:33:9-64
32-->[com.google.android.gms:play-services-maps:18.2.0] AndroidManifest.xml:33:18-61
33    </queries>
34
35    <permission
35-->[androidx.core:core:1.12.0] AndroidManifest.xml:22:5-24:47
36        android:name="com.tesistitulacion.noticiaslocales.DYNAMIC_RECEIVER_NOT_EXPORTED_PERMISSION"
36-->[androidx.core:core:1.12.0] AndroidManifest.xml:23:9-81
37        android:protectionLevel="signature" />
37-->[androidx.core:core:1.12.0] AndroidManifest.xml:24:9-44
38
39    <uses-permission android:name="com.tesistitulacion.noticiaslocales.DYNAMIC_RECEIVER_NOT_EXPORTED_PERMISSION" />
39-->[androidx.core:core:1.12.0] AndroidManifest.xml:26:5-97
39-->[androidx.core:core:1.12.0] AndroidManifest.xml:26:22-94
40
41    <application
41-->src\main\AndroidManifest.xml:14:5-81:19
42        android:allowBackup="true"
42-->src\main\AndroidManifest.xml:15:9-35
43        android:appComponentFactory="androidx.core.app.CoreComponentFactory"
43-->[androidx.core:core:1.12.0] AndroidManifest.xml:28:18-86
44        android:dataExtractionRules="@xml/data_extraction_rules"
44-->src\main\AndroidManifest.xml:16:9-65
45        android:debuggable="true"
46        android:extractNativeLibs="false"
47        android:fullBackupContent="@xml/backup_rules"
47-->src\main\AndroidManifest.xml:17:9-54
48        android:icon="@drawable/ic_launcher"
48-->src\main\AndroidManifest.xml:18:9-45
49        android:label="@string/app_name"
49-->src\main\AndroidManifest.xml:19:9-41
50        android:roundIcon="@drawable/ic_launcher"
50-->src\main\AndroidManifest.xml:20:9-50
51        android:supportsRtl="true"
51-->src\main\AndroidManifest.xml:21:9-35
52        android:testOnly="true"
53        android:theme="@style/Theme.NoticiasIbarra"
53-->src\main\AndroidManifest.xml:22:9-52
54        android:usesCleartextTraffic="true" >
54-->src\main\AndroidManifest.xml:23:9-44
55        <activity
55-->src\main\AndroidManifest.xml:26:9-34:20
56            android:name="com.tesistitulacion.noticiaslocales.activities.SplashActivity"
56-->src\main\AndroidManifest.xml:27:13-54
57            android:exported="true"
57-->src\main\AndroidManifest.xml:28:13-36
58            android:theme="@style/Theme.NoticiasIbarra.NoActionBar" >
58-->src\main\AndroidManifest.xml:29:13-68
59            <intent-filter>
59-->src\main\AndroidManifest.xml:30:13-33:29
60                <action android:name="android.intent.action.MAIN" />
60-->src\main\AndroidManifest.xml:31:17-69
60-->src\main\AndroidManifest.xml:31:25-66
61
62                <category android:name="android.intent.category.LAUNCHER" />
62-->src\main\AndroidManifest.xml:32:17-77
62-->src\main\AndroidManifest.xml:32:27-74
63            </intent-filter>
64        </activity>
65        <activity
65-->src\main\AndroidManifest.xml:36:9-39:71
66            android:name="com.tesistitulacion.noticiaslocales.activities.LoginActivity"
66-->src\main\AndroidManifest.xml:37:13-53
67            android:exported="false"
67-->src\main\AndroidManifest.xml:38:13-37
68            android:theme="@style/Theme.NoticiasIbarra.NoActionBar" />
68-->src\main\AndroidManifest.xml:39:13-68
69        <activity
69-->src\main\AndroidManifest.xml:41:9-44:71
70            android:name="com.tesistitulacion.noticiaslocales.activities.RegistroActivity"
70-->src\main\AndroidManifest.xml:42:13-56
71            android:exported="false"
71-->src\main\AndroidManifest.xml:43:13-37
72            android:theme="@style/Theme.NoticiasIbarra.NoActionBar" />
72-->src\main\AndroidManifest.xml:44:13-68
73        <activity
73-->src\main\AndroidManifest.xml:46:9-49:59
74            android:name="com.tesistitulacion.noticiaslocales.activities.MainActivity"
74-->src\main\AndroidManifest.xml:47:13-52
75            android:exported="true"
75-->src\main\AndroidManifest.xml:48:13-36
76            android:theme="@style/Theme.NoticiasIbarra" />
76-->src\main\AndroidManifest.xml:49:13-56
77        <activity
77-->src\main\AndroidManifest.xml:51:9-54:59
78            android:name="com.tesistitulacion.noticiaslocales.activities.ListaNoticiasActivity"
78-->src\main\AndroidManifest.xml:52:13-61
79            android:exported="false"
79-->src\main\AndroidManifest.xml:53:13-37
80            android:theme="@style/Theme.NoticiasIbarra" />
80-->src\main\AndroidManifest.xml:54:13-56
81        <activity
81-->src\main\AndroidManifest.xml:56:9-59:59
82            android:name="com.tesistitulacion.noticiaslocales.activities.DetalleNoticiaActivity"
82-->src\main\AndroidManifest.xml:57:13-62
83            android:exported="false"
83-->src\main\AndroidManifest.xml:58:13-37
84            android:theme="@style/Theme.NoticiasIbarra" />
84-->src\main\AndroidManifest.xml:59:13-56
85        <activity
85-->src\main\AndroidManifest.xml:61:9-64:59
86            android:name="com.tesistitulacion.noticiaslocales.activities.PublicarNoticiaActivity"
86-->src\main\AndroidManifest.xml:62:13-63
87            android:exported="false"
87-->src\main\AndroidManifest.xml:63:13-37
88            android:theme="@style/Theme.NoticiasIbarra" />
88-->src\main\AndroidManifest.xml:64:13-56
89        <activity
89-->src\main\AndroidManifest.xml:66:9-69:59
90            android:name="com.tesistitulacion.noticiaslocales.activities.PerfilActivity"
90-->src\main\AndroidManifest.xml:67:13-54
91            android:exported="false"
91-->src\main\AndroidManifest.xml:68:13-37
92            android:theme="@style/Theme.NoticiasIbarra" />
92-->src\main\AndroidManifest.xml:69:13-56
93        <activity
93-->src\main\AndroidManifest.xml:71:9-74:59
94            android:name="com.tesistitulacion.noticiaslocales.activities.ListaEventosActivity"
94-->src\main\AndroidManifest.xml:72:13-60
95            android:exported="false"
95-->src\main\AndroidManifest.xml:73:13-37
96            android:theme="@style/Theme.NoticiasIbarra" />
96-->src\main\AndroidManifest.xml:74:13-56
97        <activity
97-->src\main\AndroidManifest.xml:76:9-79:59
98            android:name="com.tesistitulacion.noticiaslocales.activities.RegistrarEventoActivity"
98-->src\main\AndroidManifest.xml:77:13-63
99            android:exported="false"
99-->src\main\AndroidManifest.xml:78:13-37
100            android:theme="@style/Theme.NoticiasIbarra" />
100-->src\main\AndroidManifest.xml:79:13-56
101        <activity
101-->[pub.devrel:easypermissions:3.0.0] AndroidManifest.xml:12:9-16:66
102            android:name="pub.devrel.easypermissions.AppSettingsDialogHolderActivity"
102-->[pub.devrel:easypermissions:3.0.0] AndroidManifest.xml:13:13-86
103            android:exported="false"
103-->[pub.devrel:easypermissions:3.0.0] AndroidManifest.xml:14:13-37
104            android:label=""
104-->[pub.devrel:easypermissions:3.0.0] AndroidManifest.xml:15:13-29
105            android:theme="@style/EasyPermissions.Transparent" />
105-->[pub.devrel:easypermissions:3.0.0] AndroidManifest.xml:16:13-63
106
107        <provider
107-->[androidx.work:work-runtime:2.8.1] AndroidManifest.xml:29:9-37:20
108            android:name="androidx.startup.InitializationProvider"
108-->[androidx.work:work-runtime:2.8.1] AndroidManifest.xml:30:13-67
109            android:authorities="com.tesistitulacion.noticiaslocales.androidx-startup"
109-->[androidx.work:work-runtime:2.8.1] AndroidManifest.xml:31:13-68
110            android:exported="false" >
110-->[androidx.work:work-runtime:2.8.1] AndroidManifest.xml:32:13-37
111            <meta-data
111-->[androidx.work:work-runtime:2.8.1] AndroidManifest.xml:34:13-36:52
112                android:name="androidx.work.WorkManagerInitializer"
112-->[androidx.work:work-runtime:2.8.1] AndroidManifest.xml:35:17-68
113                android:value="androidx.startup" />
113-->[androidx.work:work-runtime:2.8.1] AndroidManifest.xml:36:17-49
114            <meta-data
114-->[androidx.emoji2:emoji2:1.2.0] AndroidManifest.xml:29:13-31:52
115                android:name="androidx.emoji2.text.EmojiCompatInitializer"
115-->[androidx.emoji2:emoji2:1.2.0] AndroidManifest.xml:30:17-75
116                android:value="androidx.startup" />
116-->[androidx.emoji2:emoji2:1.2.0] AndroidManifest.xml:31:17-49
117            <meta-data
117-->[androidx.lifecycle:lifecycle-process:2.6.2] AndroidManifest.xml:29:13-31:52
118                android:name="androidx.lifecycle.ProcessLifecycleInitializer"
118-->[androidx.lifecycle:lifecycle-process:2.6.2] AndroidManifest.xml:30:17-78
119                android:value="androidx.startup" />
119-->[androidx.lifecycle:lifecycle-process:2.6.2] AndroidManifest.xml:31:17-49
120            <meta-data
120-->[androidx.profileinstaller:profileinstaller:1.3.0] AndroidManifest.xml:29:13-31:52
121                android:name="androidx.profileinstaller.ProfileInstallerInitializer"
121-->[androidx.profileinstaller:profileinstaller:1.3.0] AndroidManifest.xml:30:17-85
122                android:value="androidx.startup" />
122-->[androidx.profileinstaller:profileinstaller:1.3.0] AndroidManifest.xml:31:17-49
123        </provider>
124
125        <service
125-->[androidx.work:work-runtime:2.8.1] AndroidManifest.xml:39:9-45:35
126            android:name="androidx.work.impl.background.systemalarm.SystemAlarmService"
126-->[androidx.work:work-runtime:2.8.1] AndroidManifest.xml:40:13-88
127            android:directBootAware="false"
127-->[androidx.work:work-runtime:2.8.1] AndroidManifest.xml:41:13-44
128            android:enabled="@bool/enable_system_alarm_service_default"
128-->[androidx.work:work-runtime:2.8.1] AndroidManifest.xml:42:13-72
129            android:exported="false" />
129-->[androidx.work:work-runtime:2.8.1] AndroidManifest.xml:43:13-37
130        <service
130-->[androidx.work:work-runtime:2.8.1] AndroidManifest.xml:46:9-52:35
131            android:name="androidx.work.impl.background.systemjob.SystemJobService"
131-->[androidx.work:work-runtime:2.8.1] AndroidManifest.xml:47:13-84
132            android:directBootAware="false"
132-->[androidx.work:work-runtime:2.8.1] AndroidManifest.xml:48:13-44
133            android:enabled="@bool/enable_system_job_service_default"
133-->[androidx.work:work-runtime:2.8.1] AndroidManifest.xml:49:13-70
134            android:exported="true"
134-->[androidx.work:work-runtime:2.8.1] AndroidManifest.xml:50:13-36
135            android:permission="android.permission.BIND_JOB_SERVICE" />
135-->[androidx.work:work-runtime:2.8.1] AndroidManifest.xml:51:13-69
136        <service
136-->[androidx.work:work-runtime:2.8.1] AndroidManifest.xml:53:9-59:35
137            android:name="androidx.work.impl.foreground.SystemForegroundService"
137-->[androidx.work:work-runtime:2.8.1] AndroidManifest.xml:54:13-81
138            android:directBootAware="false"
138-->[androidx.work:work-runtime:2.8.1] AndroidManifest.xml:55:13-44
139            android:enabled="@bool/enable_system_foreground_service_default"
139-->[androidx.work:work-runtime:2.8.1] AndroidManifest.xml:56:13-77
140            android:exported="false" />
140-->[androidx.work:work-runtime:2.8.1] AndroidManifest.xml:57:13-37
141
142        <receiver
142-->[androidx.work:work-runtime:2.8.1] AndroidManifest.xml:61:9-66:35
143            android:name="androidx.work.impl.utils.ForceStopRunnable$BroadcastReceiver"
143-->[androidx.work:work-runtime:2.8.1] AndroidManifest.xml:62:13-88
144            android:directBootAware="false"
144-->[androidx.work:work-runtime:2.8.1] AndroidManifest.xml:63:13-44
145            android:enabled="true"
145-->[androidx.work:work-runtime:2.8.1] AndroidManifest.xml:64:13-35
146            android:exported="false" />
146-->[androidx.work:work-runtime:2.8.1] AndroidManifest.xml:65:13-37
147        <receiver
147-->[androidx.work:work-runtime:2.8.1] AndroidManifest.xml:67:9-77:20
148            android:name="androidx.work.impl.background.systemalarm.ConstraintProxy$BatteryChargingProxy"
148-->[androidx.work:work-runtime:2.8.1] AndroidManifest.xml:68:13-106
149            android:directBootAware="false"
149-->[androidx.work:work-runtime:2.8.1] AndroidManifest.xml:69:13-44
150            android:enabled="false"
150-->[androidx.work:work-runtime:2.8.1] AndroidManifest.xml:70:13-36
151            android:exported="false" >
151-->[androidx.work:work-runtime:2.8.1] AndroidManifest.xml:71:13-37
152            <intent-filter>
152-->[androidx.work:work-runtime:2.8.1] AndroidManifest.xml:73:13-76:29
153                <action android:name="android.intent.action.ACTION_POWER_CONNECTED" />
153-->[androidx.work:work-runtime:2.8.1] AndroidManifest.xml:74:17-87
153-->[androidx.work:work-runtime:2.8.1] AndroidManifest.xml:74:25-84
154                <action android:name="android.intent.action.ACTION_POWER_DISCONNECTED" />
154-->[androidx.work:work-runtime:2.8.1] AndroidManifest.xml:75:17-90
154-->[androidx.work:work-runtime:2.8.1] AndroidManifest.xml:75:25-87
155            </intent-filter>
156        </receiver>
157        <receiver
157-->[androidx.work:work-runtime:2.8.1] AndroidManifest.xml:78:9-88:20
158            android:name="androidx.work.impl.background.systemalarm.ConstraintProxy$BatteryNotLowProxy"
158-->[androidx.work:work-runtime:2.8.1] AndroidManifest.xml:79:13-104
159            android:directBootAware="false"
159-->[androidx.work:work-runtime:2.8.1] AndroidManifest.xml:80:13-44
160            android:enabled="false"
160-->[androidx.work:work-runtime:2.8.1] AndroidManifest.xml:81:13-36
161            android:exported="false" >
161-->[androidx.work:work-runtime:2.8.1] AndroidManifest.xml:82:13-37
162            <intent-filter>
162-->[androidx.work:work-runtime:2.8.1] AndroidManifest.xml:84:13-87:29
163                <action android:name="android.intent.action.BATTERY_OKAY" />
163-->[androidx.work:work-runtime:2.8.1] AndroidManifest.xml:85:17-77
163-->[androidx.work:work-runtime:2.8.1] AndroidManifest.xml:85:25-74
164                <action android:name="android.intent.action.BATTERY_LOW" />
164-->[androidx.work:work-runtime:2.8.1] AndroidManifest.xml:86:17-76
164-->[androidx.work:work-runtime:2.8.1] AndroidManifest.xml:86:25-73
165            </intent-filter>
166        </receiver>
167        <receiver
167-->[androidx.work:work-runtime:2.8.1] AndroidManifest.xml:89:9-99:20
168            android:name="androidx.work.impl.background.systemalarm.ConstraintProxy$StorageNotLowProxy"
168-->[androidx.work:work-runtime:2.8.1] AndroidManifest.xml:90:13-104
169            android:directBootAware="false"
169-->[androidx.work:work-runtime:2.8.1] AndroidManifest.xml:91:13-44
170            android:enabled="false"
170-->[androidx.work:work-runtime:2.8.1] AndroidManifest.xml:92:13-36
171            android:exported="false" >
171-->[androidx.work:work-runtime:2.8.1] AndroidManifest.xml:93:13-37
172            <intent-filter>
172-->[androidx.work:work-runtime:2.8.1] AndroidManifest.xml:95:13-98:29
173                <action android:name="android.intent.action.DEVICE_STORAGE_LOW" />
173-->[androidx.work:work-runtime:2.8.1] AndroidManifest.xml:96:17-83
173-->[androidx.work:work-runtime:2.8.1] AndroidManifest.xml:96:25-80
174                <action android:name="android.intent.action.DEVICE_STORAGE_OK" />
174-->[androidx.work:work-runtime:2.8.1] AndroidManifest.xml:97:17-82
174-->[androidx.work:work-runtime:2.8.1] AndroidManifest.xml:97:25-79
175            </intent-filter>
176        </receiver>
177        <receiver
177-->[androidx.work:work-runtime:2.8.1] AndroidManifest.xml:100:9-109:20
178            android:name="androidx.work.impl.background.systemalarm.ConstraintProxy$NetworkStateProxy"
178-->[androidx.work:work-runtime:2.8.1] AndroidManifest.xml:101:13-103
179            android:directBootAware="false"
179-->[androidx.work:work-runtime:2.8.1] AndroidManifest.xml:102:13-44
180            android:enabled="false"
180-->[androidx.work:work-runtime:2.8.1] AndroidManifest.xml:103:13-36
181            android:exported="false" >
181-->[androidx.work:work-runtime:2.8.1] AndroidManifest.xml:104:13-37
182            <intent-filter>
182-->[androidx.work:work-runtime:2.8.1] AndroidManifest.xml:106:13-108:29
183                <action android:name="android.net.conn.CONNECTIVITY_CHANGE" />
183-->[androidx.work:work-runtime:2.8.1] AndroidManifest.xml:107:17-79
183-->[androidx.work:work-runtime:2.8.1] AndroidManifest.xml:107:25-76
184            </intent-filter>
185        </receiver>
186        <receiver
186-->[androidx.work:work-runtime:2.8.1] AndroidManifest.xml:110:9-121:20
187            android:name="androidx.work.impl.background.systemalarm.RescheduleReceiver"
187-->[androidx.work:work-runtime:2.8.1] AndroidManifest.xml:111:13-88
188            android:directBootAware="false"
188-->[androidx.work:work-runtime:2.8.1] AndroidManifest.xml:112:13-44
189            android:enabled="false"
189-->[androidx.work:work-runtime:2.8.1] AndroidManifest.xml:113:13-36
190            android:exported="false" >
190-->[androidx.work:work-runtime:2.8.1] AndroidManifest.xml:114:13-37
191            <intent-filter>
191-->[androidx.work:work-runtime:2.8.1] AndroidManifest.xml:116:13-120:29
192                <action android:name="android.intent.action.BOOT_COMPLETED" />
192-->[androidx.work:work-runtime:2.8.1] AndroidManifest.xml:117:17-79
192-->[androidx.work:work-runtime:2.8.1] AndroidManifest.xml:117:25-76
193                <action android:name="android.intent.action.TIME_SET" />
193-->[androidx.work:work-runtime:2.8.1] AndroidManifest.xml:118:17-73
193-->[androidx.work:work-runtime:2.8.1] AndroidManifest.xml:118:25-70
194                <action android:name="android.intent.action.TIMEZONE_CHANGED" />
194-->[androidx.work:work-runtime:2.8.1] AndroidManifest.xml:119:17-81
194-->[androidx.work:work-runtime:2.8.1] AndroidManifest.xml:119:25-78
195            </intent-filter>
196        </receiver>
197        <receiver
197-->[androidx.work:work-runtime:2.8.1] AndroidManifest.xml:122:9-131:20
198            android:name="androidx.work.impl.background.systemalarm.ConstraintProxyUpdateReceiver"
198-->[androidx.work:work-runtime:2.8.1] AndroidManifest.xml:123:13-99
199            android:directBootAware="false"
199-->[androidx.work:work-runtime:2.8.1] AndroidManifest.xml:124:13-44
200            android:enabled="@bool/enable_system_alarm_service_default"
200-->[androidx.work:work-runtime:2.8.1] AndroidManifest.xml:125:13-72
201            android:exported="false" >
201-->[androidx.work:work-runtime:2.8.1] AndroidManifest.xml:126:13-37
202            <intent-filter>
202-->[androidx.work:work-runtime:2.8.1] AndroidManifest.xml:128:13-130:29
203                <action android:name="androidx.work.impl.background.systemalarm.UpdateProxies" />
203-->[androidx.work:work-runtime:2.8.1] AndroidManifest.xml:129:17-98
203-->[androidx.work:work-runtime:2.8.1] AndroidManifest.xml:129:25-95
204            </intent-filter>
205        </receiver>
206        <receiver
206-->[androidx.work:work-runtime:2.8.1] AndroidManifest.xml:132:9-142:20
207            android:name="androidx.work.impl.diagnostics.DiagnosticsReceiver"
207-->[androidx.work:work-runtime:2.8.1] AndroidManifest.xml:133:13-78
208            android:directBootAware="false"
208-->[androidx.work:work-runtime:2.8.1] AndroidManifest.xml:134:13-44
209            android:enabled="true"
209-->[androidx.work:work-runtime:2.8.1] AndroidManifest.xml:135:13-35
210            android:exported="true"
210-->[androidx.work:work-runtime:2.8.1] AndroidManifest.xml:136:13-36
211            android:permission="android.permission.DUMP" >
211-->[androidx.work:work-runtime:2.8.1] AndroidManifest.xml:137:13-57
212            <intent-filter>
212-->[androidx.work:work-runtime:2.8.1] AndroidManifest.xml:139:13-141:29
213                <action android:name="androidx.work.diagnostics.REQUEST_DIAGNOSTICS" />
213-->[androidx.work:work-runtime:2.8.1] AndroidManifest.xml:140:17-88
213-->[androidx.work:work-runtime:2.8.1] AndroidManifest.xml:140:25-85
214            </intent-filter>
215        </receiver> <!-- Needs to be explicitly declared on P+ -->
216        <uses-library
216-->[com.google.android.gms:play-services-maps:18.2.0] AndroidManifest.xml:39:9-41:40
217            android:name="org.apache.http.legacy"
217-->[com.google.android.gms:play-services-maps:18.2.0] AndroidManifest.xml:40:13-50
218            android:required="false" />
218-->[com.google.android.gms:play-services-maps:18.2.0] AndroidManifest.xml:41:13-37
219
220        <activity
220-->[com.google.android.gms:play-services-base:18.1.0] AndroidManifest.xml:20:9-22:45
221            android:name="com.google.android.gms.common.api.GoogleApiActivity"
221-->[com.google.android.gms:play-services-base:18.1.0] AndroidManifest.xml:20:19-85
222            android:exported="false"
222-->[com.google.android.gms:play-services-base:18.1.0] AndroidManifest.xml:22:19-43
223            android:theme="@android:style/Theme.Translucent.NoTitleBar" />
223-->[com.google.android.gms:play-services-base:18.1.0] AndroidManifest.xml:21:19-78
224
225        <meta-data
225-->[com.google.android.gms:play-services-basement:18.1.0] AndroidManifest.xml:21:9-23:69
226            android:name="com.google.android.gms.version"
226-->[com.google.android.gms:play-services-basement:18.1.0] AndroidManifest.xml:22:13-58
227            android:value="@integer/google_play_services_version" />
227-->[com.google.android.gms:play-services-basement:18.1.0] AndroidManifest.xml:23:13-66
228
229        <uses-library
229-->[androidx.window:window:1.0.0] AndroidManifest.xml:25:9-27:40
230            android:name="androidx.window.extensions"
230-->[androidx.window:window:1.0.0] AndroidManifest.xml:26:13-54
231            android:required="false" />
231-->[androidx.window:window:1.0.0] AndroidManifest.xml:27:13-37
232        <uses-library
232-->[androidx.window:window:1.0.0] AndroidManifest.xml:28:9-30:40
233            android:name="androidx.window.sidecar"
233-->[androidx.window:window:1.0.0] AndroidManifest.xml:29:13-51
234            android:required="false" />
234-->[androidx.window:window:1.0.0] AndroidManifest.xml:30:13-37
235
236        <service
236-->[androidx.room:room-runtime:2.6.1] AndroidManifest.xml:24:9-28:63
237            android:name="androidx.room.MultiInstanceInvalidationService"
237-->[androidx.room:room-runtime:2.6.1] AndroidManifest.xml:25:13-74
238            android:directBootAware="true"
238-->[androidx.room:room-runtime:2.6.1] AndroidManifest.xml:26:13-43
239            android:exported="false" />
239-->[androidx.room:room-runtime:2.6.1] AndroidManifest.xml:27:13-37
240
241        <receiver
241-->[androidx.profileinstaller:profileinstaller:1.3.0] AndroidManifest.xml:34:9-52:20
242            android:name="androidx.profileinstaller.ProfileInstallReceiver"
242-->[androidx.profileinstaller:profileinstaller:1.3.0] AndroidManifest.xml:35:13-76
243            android:directBootAware="false"
243-->[androidx.profileinstaller:profileinstaller:1.3.0] AndroidManifest.xml:36:13-44
244            android:enabled="true"
244-->[androidx.profileinstaller:profileinstaller:1.3.0] AndroidManifest.xml:37:13-35
245            android:exported="true"
245-->[androidx.profileinstaller:profileinstaller:1.3.0] AndroidManifest.xml:38:13-36
246            android:permission="android.permission.DUMP" >
246-->[androidx.profileinstaller:profileinstaller:1.3.0] AndroidManifest.xml:39:13-57
247            <intent-filter>
247-->[androidx.profileinstaller:profileinstaller:1.3.0] AndroidManifest.xml:40:13-42:29
248                <action android:name="androidx.profileinstaller.action.INSTALL_PROFILE" />
248-->[androidx.profileinstaller:profileinstaller:1.3.0] AndroidManifest.xml:41:17-91
248-->[androidx.profileinstaller:profileinstaller:1.3.0] AndroidManifest.xml:41:25-88
249            </intent-filter>
250            <intent-filter>
250-->[androidx.profileinstaller:profileinstaller:1.3.0] AndroidManifest.xml:43:13-45:29
251                <action android:name="androidx.profileinstaller.action.SKIP_FILE" />
251-->[androidx.profileinstaller:profileinstaller:1.3.0] AndroidManifest.xml:44:17-85
251-->[androidx.profileinstaller:profileinstaller:1.3.0] AndroidManifest.xml:44:25-82
252            </intent-filter>
253            <intent-filter>
253-->[androidx.profileinstaller:profileinstaller:1.3.0] AndroidManifest.xml:46:13-48:29
254                <action android:name="androidx.profileinstaller.action.SAVE_PROFILE" />
254-->[androidx.profileinstaller:profileinstaller:1.3.0] AndroidManifest.xml:47:17-88
254-->[androidx.profileinstaller:profileinstaller:1.3.0] AndroidManifest.xml:47:25-85
255            </intent-filter>
256            <intent-filter>
256-->[androidx.profileinstaller:profileinstaller:1.3.0] AndroidManifest.xml:49:13-51:29
257                <action android:name="androidx.profileinstaller.action.BENCHMARK_OPERATION" />
257-->[androidx.profileinstaller:profileinstaller:1.3.0] AndroidManifest.xml:50:17-95
257-->[androidx.profileinstaller:profileinstaller:1.3.0] AndroidManifest.xml:50:25-92
258            </intent-filter>
259        </receiver>
260    </application>
261
262</manifest>